d:\study\dxproject\dx9_gamedesign\dx9_gamedesign\debug\vc140.pdb
d:\study\dxproject\dx9_gamedesign\dx9_gamedesign\debug\vc140.idb
d:\study\dxproject\dx9_gamedesign\dx9_gamedesign\debug\matrix.obj
d:\study\dxproject\dx9_gamedesign\dx9_gamedesign\debug\mytime.obj
d:\study\dxproject\dx9_gamedesign\dx9_gamedesign\debug\shaders.obj
d:\study\dxproject\dx9_gamedesign\dx9_gamedesign\debug\vector.obj
d:\study\dxproject\dx9_gamedesign\dx9_gamedesign\debug\myvertexformat.obj
d:\study\dxproject\dx9_gamedesign\dx9_gamedesign\debug\mycolor.obj
d:\study\dxproject\dx9_gamedesign\dx9_gamedesign\debug\myfont.obj
d:\study\dxproject\dx9_gamedesign\dx9_gamedesign\debug\myfontmanager.obj
d:\study\dxproject\dx9_gamedesign\dx9_gamedesign\debug\mymath.obj
d:\study\dxproject\dx9_gamedesign\dx9_gamedesign\debug\myutil.obj
d:\study\dxproject\dx9_gamedesign\dx9_gamedesign\debug\plane.obj
d:\study\dxproject\dx9_gamedesign\dx9_gamedesign\debug\quaternion.obj
d:\study\dxproject\dx9_gamedesign\dx9_gamedesign\debug\winmain.obj
d:\study\dxproject\dx9_gamedesign\dx9_gamedesign\debug\rainparticle.obj
d:\study\dxproject\dx9_gamedesign\dx9_gamedesign\debug\skinmesh.obj
d:\study\dxproject\dx9_gamedesign\dx9_gamedesign\debug\skybox.obj
d:\study\dxproject\dx9_gamedesign\dx9_gamedesign\debug\sound.obj
d:\study\dxproject\dx9_gamedesign\dx9_gamedesign\debug\sprite.obj
d:\study\dxproject\dx9_gamedesign\dx9_gamedesign\debug\terrain.obj
d:\study\dxproject\dx9_gamedesign\dx9_gamedesign\debug\warcraft.obj
d:\study\dxproject\dx9_gamedesign\dx9_gamedesign\debug\myguicontainer.obj
d:\study\dxproject\dx9_gamedesign\dx9_gamedesign\debug\myguielementbase.obj
d:\study\dxproject\dx9_gamedesign\dx9_gamedesign\debug\myguilabel.obj
d:\study\dxproject\dx9_gamedesign\dx9_gamedesign\debug\myguimanager.obj
d:\study\dxproject\dx9_gamedesign\dx9_gamedesign\debug\input.obj
d:\study\dxproject\dx9_gamedesign\dx9_gamedesign\debug\myinput.obj
d:\study\dxproject\dx9_gamedesign\dx9_gamedesign\debug\myobject.obj
d:\study\dxproject\dx9_gamedesign\dx9_gamedesign\debug\myrenderqueue.obj
d:\study\dxproject\dx9_gamedesign\dx9_gamedesign\debug\myskybox.obj
d:\study\dxproject\dx9_gamedesign\dx9_gamedesign\debug\particlesystem.obj
d:\study\dxproject\dx9_gamedesign\dx9_gamedesign\debug\psystem.obj
d:\study\dxproject\dx9_gamedesign\dx9_gamedesign\debug\spritemanager.obj
d:\study\dxproject\dx9_gamedesign\dx9_gamedesign\debug\frustum.obj
d:\study\dxproject\dx9_gamedesign\dx9_gamedesign\debug\mymaterial.obj
d:\study\dxproject\dx9_gamedesign\dx9_gamedesign\debug\mytexturemanager.obj
d:\study\dxproject\dx9_gamedesign\dx9_gamedesign\debug\my2dtexture.obj
d:\study\dxproject\dx9_gamedesign\dx9_gamedesign\debug\gedeviceenumerator.obj
d:\study\dxproject\dx9_gamedesign\dx9_gamedesign\debug\gedevicesetting.obj
d:\study\dxproject\dx9_gamedesign\dx9_gamedesign\debug\gefile.obj
d:\study\dxproject\dx9_gamedesign\dx9_gamedesign\debug\mytexture.obj
d:\study\dxproject\dx9_gamedesign\dx9_gamedesign\debug\d3dutility.obj
d:\study\dxproject\dx9_gamedesign\dx9_gamedesign\debug\dx9demobase.obj
d:\study\dxproject\dx9_gamedesign\dx9_gamedesign\debug\dxgraphiclayer.obj
d:\study\dxproject\dx9_gamedesign\dx9_gamedesign\debug\gamescene.obj
d:\study\dxproject\dx9_gamedesign\dx9_gamedesign\debug\myguiscrollbarhori.obj
d:\study\dxproject\dx9_gamedesign\dx9_gamedesign\debug\myguiscrollbarvertical.obj
d:\study\dxproject\dx9_gamedesign\dx9_gamedesign\debug\myguiscrollbar.obj
d:\study\dxproject\dx9_gamedesign\dx9_gamedesign\debug\myguicheckbox.obj
d:\study\dxproject\dx9_gamedesign\dx9_gamedesign\debug\lod.obj
d:\study\dxproject\dx9_gamedesign\dx9_gamedesign\debug\lodmath.obj
d:\study\dxproject\dx9_gamedesign\dx9_gamedesign\debug\lodterrain.obj
d:\study\dxproject\dx9_gamedesign\dx9_gamedesign\debug\meshloader.obj
d:\study\dxproject\dx9_gamedesign\dx9_gamedesign\debug\model.obj
d:\study\dxproject\dx9_gamedesign\dx9_gamedesign\debug\mycamera.obj
d:\study\dxproject\dx9_gamedesign\dx9_gamedesign\debug\mylight.obj
d:\study\dxproject\dx9_gamedesign\dx9_gamedesign\debug\mymovable.obj
d:\study\dxproject\dx9_gamedesign\dx9_gamedesign\debug\myscenemanager.obj
d:\study\dxproject\dx9_gamedesign\dx9_gamedesign\debug\mainmenu.obj
d:\study\dxproject\dx9_gamedesign\dx9_gamedesign\debug\myapp.obj
d:\study\dxproject\dx9_gamedesign\dx9_gamedesign\debug\myengineframe.obj
d:\study\dxproject\dx9_gamedesign\dx9_gamedesign\debug\allocatehierarchy.obj
d:\study\dxproject\dx9_gamedesign\dx9_gamedesign\debug\behaviour.obj
d:\study\dxproject\dx9_gamedesign\dx9_gamedesign\debug\billboard.obj
d:\study\dxproject\dx9_gamedesign\dx9_gamedesign\debug\camera.obj
d:\study\dxproject\dx9_gamedesign\dx9_gamedesign\debug\myresource.obj
d:\study\dxproject\dx9_gamedesign\dx9_gamedesign\debug\myresourcemanager.obj
d:\study\dxproject\dx9_gamedesign\dx9_gamedesign\debug\myguibutton.obj
d:\study\dxproject\dx9_gamedesign\dx9_gamedesign\debug\myguibuttonbase.obj
d:\study\dxproject\dx9_gamedesign\dx9_gamedesign\debug\myguiimage.obj
d:\study\dxproject\dx9_gamedesign\dx9_gamedesign\debug\mymouse.obj
d:\study\dxproject\dx9_gamedesign\debug\dx9_gamedesign.ilk
d:\study\dxproject\dx9_gamedesign\debug\dx9_gamedesign.exe
d:\study\dxproject\dx9_gamedesign\debug\dx9_gamedesign.pdb
d:\study\dxproject\dx9_gamedesign\dx9_gamedesign\debug\dx9_gamedesign.tlog\cl.command.1.tlog
d:\study\dxproject\dx9_gamedesign\dx9_gamedesign\debug\dx9_gamedesign.tlog\cl.read.1.tlog
d:\study\dxproject\dx9_gamedesign\dx9_gamedesign\debug\dx9_gamedesign.tlog\cl.write.1.tlog
d:\study\dxproject\dx9_gamedesign\dx9_gamedesign\debug\dx9_gamedesign.tlog\link.command.1.tlog
d:\study\dxproject\dx9_gamedesign\dx9_gamedesign\debug\dx9_gamedesign.tlog\link.read.1.tlog
d:\study\dxproject\dx9_gamedesign\dx9_gamedesign\debug\dx9_gamedesign.tlog\link.write.1.tlog
